[2026-02-19 16:29:15] Config saved
[2026-02-19 16:29:15] Config saved
[2026-02-19 16:29:15] Theme changed to: phantom
[2026-02-19 16:44:30] Config saved
[2026-02-19 16:44:30] Framework closed gracefully
[2026-02-19 17:12:34] Config saved
[2026-02-19 17:12:34] Config saved
[2026-02-19 17:12:34] Theme changed to: phantom
[2026-02-19 17:13:27] kyy-modules.sh loaded successfully
[2026-02-19 17:13:27] kyy-plugins.sh loaded successfully — 15 plugins registered
[2026-02-19 17:13:27] kyy-pymodules.sh loaded
[2026-02-19 17:13:27] kyy-hackmod.sh loaded
[2026-02-19 17:14:03] Config saved
[2026-02-19 17:14:03] Framework closed gracefully
[2026-02-19 19:19:17] Config saved
[2026-02-19 19:19:17] Config saved
[2026-02-19 19:19:17] Theme changed to: phantom
[2026-02-19 19:19:55] kyy-modules.sh loaded successfully
[2026-02-19 19:19:55] kyy-plugins.sh loaded successfully — 15 plugins registered
[2026-02-19 19:19:55] kyy-pymodules.sh loaded
[2026-02-19 19:19:55] kyy-hackmod.sh loaded
[2026-02-19 19:25:08] Config saved
[2026-02-19 19:25:08] Framework closed gracefully
[2026-02-20 09:12:59] Config saved
[2026-02-20 09:12:59] Config saved
[2026-02-20 09:12:59] Theme changed to: phantom
[2026-02-20 09:13:58] kyy-modules.sh loaded successfully
[2026-02-20 09:13:58] kyy-plugins.sh loaded successfully — 15 plugins registered
[2026-02-20 09:13:58] kyy-pymodules.sh loaded
[2026-02-20 09:13:58] kyy-hackmod.sh loaded
[2026-02-20 09:15:44] kyy-modules.sh loaded successfully
[2026-02-20 09:15:44] kyy-plugins.sh loaded successfully — 15 plugins registered
[2026-02-20 09:15:44] kyy-pymodules.sh loaded
[2026-02-20 09:15:44] kyy-hackmod.sh loaded
[2026-02-20 09:16:50] Config saved
[2026-02-20 09:16:50] Framework closed gracefully
[2026-02-20 17:59:24] Config saved
[2026-02-20 17:59:24] Config saved
[2026-02-20 17:59:24] Theme changed to: phantom
[2026-02-20 17:59:57] Config saved
[2026-02-20 17:59:57] Framework closed gracefully
[2026-02-22 15:54:55] Config saved
[2026-02-22 15:54:55] Config saved
[2026-02-22 15:54:55] Theme changed to: phantom
[2026-02-22 15:55:37] Config saved
[2026-02-22 15:55:37] Framework closed gracefully
[2026-02-22 20:33:17] Config saved
[2026-02-22 20:33:17] Config saved
[2026-02-22 20:33:17] Theme changed to: phantom
[2026-02-22 20:33:39] kyy-modules.sh loaded successfully
[2026-02-22 20:33:39] kyy-plugins.sh loaded successfully — 15 plugins registered
[2026-02-22 20:33:39] kyy-pymodules.sh loaded
[2026-02-22 20:33:39] kyy-hackmod.sh loaded
[2026-02-22 20:34:13] kyy-modules.sh loaded successfully
[2026-02-22 20:34:13] kyy-plugins.sh loaded successfully — 15 plugins registered
[2026-02-22 20:34:13] kyy-pymodules.sh loaded
[2026-02-22 20:34:13] kyy-hackmod.sh loaded
[2026-02-22 20:35:26] kyy-modules.sh loaded successfully
[2026-02-22 20:35:26] kyy-plugins.sh loaded successfully — 15 plugins registered
[2026-02-22 20:35:26] kyy-pymodules.sh loaded
[2026-02-22 20:35:26] kyy-hackmod.sh loaded
[2026-02-22 20:35:49] Config saved
[2026-02-22 20:35:49] Framework closed gracefully
